<?xml version="1.0" encoding="UTF-8"?>
<!-- Generated by org.testng.reporters.JUnitReportReporter -->
<testsuite skipped="0" hostname="DESKTOP-56PK204" name="org.github.GitHubBranchCheckInOut" tests="3" failures="0" timestamp="18 Dec 2020 07:18:42 GMT" time="0.048" errors="0">
  <testcase name="teamUserTwotc2" time="0.008" classname="org.github.GitHubBranchCheckInOut"/>
  <testcase name="teamUserOnetc1" time="0.032" classname="org.github.GitHubBranchCheckInOut"/>
  <testcase name="teamUserThreetc3" time="0.008" classname="org.github.GitHubBranchCheckInOut"/>
</testsuite> <!-- org.github.GitHubBranchCheckInOut -->
